0 info it worked if it ends with ok
1 verbose cli [ '/Users/chenruby/.nvm/versions/node/v6.0.0/bin/node',
1 verbose cli   '/Users/chenruby/.nvm/versions/node/v6.0.0/bin/npm',
1 verbose cli   'run',
1 verbose cli   'dev' ]
2 info using npm@3.10.8
3 info using node@v6.0.0
4 verbose run-script [ 'predev', 'dev', 'postdev' ]
5 info lifecycle ruby-startkit@1.0.0~predev: ruby-startkit@1.0.0
6 silly lifecycle ruby-startkit@1.0.0~predev: no script for predev, continuing
7 info lifecycle ruby-startkit@1.0.0~dev: ruby-startkit@1.0.0
8 verbose lifecycle ruby-startkit@1.0.0~dev: unsafe-perm in lifecycle true
9 verbose lifecycle ruby-startkit@1.0.0~dev: PATH: /Users/chenruby/.nvm/versions/node/v6.0.0/lib/node_modules/npm/bin/node-gyp-bin:/Users/chenruby/Other/meiji/node_modules/.bin:/Users/chenruby/.nvm/versions/node/v6.0.0/bin:/usr/local/bin:/usr/bin:/bin:/usr/sbin:/sbin
10 verbose lifecycle ruby-startkit@1.0.0~dev: CWD: /Users/chenruby/Other/meiji
11 silly lifecycle ruby-startkit@1.0.0~dev: Args: [ '-c', 'gulp serve' ]
12 silly lifecycle ruby-startkit@1.0.0~dev: Returned: code: 1  signal: null
13 info lifecycle ruby-startkit@1.0.0~dev: Failed to exec dev script
14 verbose stack Error: ruby-startkit@1.0.0 dev: `gulp serve`
14 verbose stack Exit status 1
14 verbose stack     at EventEmitter.<anonymous> (/Users/chenruby/.nvm/versions/node/v6.0.0/lib/node_modules/npm/lib/utils/lifecycle.js:255:16)
14 verbose stack     at emitTwo (events.js:106:13)
14 verbose stack     at EventEmitter.emit (events.js:191:7)
14 verbose stack     at ChildProcess.<anonymous> (/Users/chenruby/.nvm/versions/node/v6.0.0/lib/node_modules/npm/lib/utils/spawn.js:40:14)
14 verbose stack     at emitTwo (events.js:106:13)
14 verbose stack     at ChildProcess.emit (events.js:191:7)
14 verbose stack     at maybeClose (internal/child_process.js:850:16)
14 verbose stack     at Process.ChildProcess._handle.onexit (internal/child_process.js:215:5)
15 verbose pkgid ruby-startkit@1.0.0
16 verbose cwd /Users/chenruby/Other/meiji
17 error Darwin 16.5.0
18 error argv "/Users/chenruby/.nvm/versions/node/v6.0.0/bin/node" "/Users/chenruby/.nvm/versions/node/v6.0.0/bin/npm" "run" "dev"
19 error node v6.0.0
20 error npm  v3.10.8
21 error code ELIFECYCLE
22 error ruby-startkit@1.0.0 dev: `gulp serve`
22 error Exit status 1
23 error Failed at the ruby-startkit@1.0.0 dev script 'gulp serve'.
23 error Make sure you have the latest version of node.js and npm installed.
23 error If you do, this is most likely a problem with the ruby-startkit package,
23 error not with npm itself.
23 error Tell the author that this fails on your system:
23 error     gulp serve
23 error You can get information on how to open an issue for this project with:
23 error     npm bugs ruby-startkit
23 error Or if that isn't available, you can get their info via:
23 error     npm owner ls ruby-startkit
23 error There is likely additional logging output above.
24 verbose exit [ 1, true ]
